<?xml version="1.0" encoding="UTF-8"?>
<testsuite name="Test" tests="5" skipped="0" failures="0" errors="0" timestamp="2023-10-29T10:30:59" hostname="M22812QF" time="0.045">
  <properties/>
  <testcase name="test1()" classname="Test" time="0.037"/>
  <testcase name="test2()" classname="Test" time="0.001"/>
  <testcase name="test3()" classname="Test" time="0.0"/>
  <testcase name="test4()" classname="Test" time="0.0"/>
  <testcase name="test5()" classname="Test" time="0.001"/>
  <system-out><![CDATA[]]></system-out>
  <system-err><![CDATA[]]></system-err>
</testsuite>
